<?xml version="1.0" encoding="UTF-8"?>
<!-- Generated by org.testng.reporters.JUnitXMLReporter -->
<testsuite ignored="0" hostname="Vaishakhs-MacBook-Air.local" failures="0" tests="4" name="Test" time="7.226" errors="0" timestamp="2025-07-07T20:46:54 IST">
  <testcase classname="Restfulbooker.DefaultValues1" name="createBookin1" time="2.155"/>
  <testcase classname="Restfulbooker.DefaultValues1" name="createBooking2" time="1.601"/>
  <testcase classname="Restfulbooker.DefaultValues2" name="createBookin1" time="1.632"/>
  <testcase classname="Restfulbooker.DefaultValues2" name="createBooking2" time="1.635"/>
</testsuite> <!-- Test -->
