<?xml version="1.0" encoding="UTF-8"?>
<testng-results ignored="0" total="1" passed="1" failed="0" skipped="0">
  <reporter-output>
  </reporter-output>
  <suite started-at="2025-07-14T10:29:27 IST" name="Default suite" finished-at="2025-07-14T10:29:27 IST" duration-ms="244">
    <groups>
    </groups>
    <test started-at="2025-07-14T10:29:27 IST" name="Default test" finished-at="2025-07-14T10:29:27 IST" duration-ms="244">
      <class name="JsonPathEgs.JsonPathNonExistence">
        <test-method signature="jsonPathDemo()[pri:0, instance:JsonPathEgs.JsonPathNonExistence@c267ef4]" started-at="2025-07-14T10:29:27 IST" name="jsonPathDemo" finished-at="2025-07-14T10:29:27 IST" duration-ms="232" status="PASS">
          <reporter-output>
          </reporter-output>
        </test-method> <!-- jsonPathDemo -->
      </class> <!-- JsonPathEgs.JsonPathNonExistence -->
    </test> <!-- Default test -->
  </suite> <!-- Default suite -->
</testng-results>
